# JRE version: OpenJDK Runtime Environment Temurin-17.0.4.1+1 (17.0.4.1+1) (build 17.0.4.1+1)
# Java VM: OpenJDK 64-Bit Server VM Temurin-17.0.4.1+1 (17.0.4.1+1, mixed mode, tiered, compressed oops, compressed class ptrs, parallel gc, windows-amd64)
GC Precious Log:
 CPUs: 8 total, 8 available
 Memory: 14558M
 Large Page Support: Disabled
 NUMA Support: Disabled
 Compressed Oops: Enabled (32-bit)
 Alignments: Space 512K, Generation 512K, Heap 2M
 Heap Min Capacity: 100M
 Heap Initial Capacity: 100M
 Heap Max Capacity: 1G
 Pre-touch: Disabled
 Parallel Workers: 8
Heap:
 PSYoungGen      total 5120K, used 3536K [0x00000000eab00000, 0x00000000eb280000, 0x0000000100000000)
  eden space 3072K, 100% used [0x00000000eab00000,0x00000000eae00000,0x00000000eae00000)
  from space 2048K, 22% used [0x00000000eae80000,0x00000000eaef4010,0x00000000eb080000)
  to   space 1024K, 98% used [0x00000000eb180000,0x00000000eb27c0c0,0x00000000eb280000)
 ParOldGen       total 120320K, used 117656K [0x00000000c0000000, 0x00000000c7580000, 0x00000000eab00000)
  object space 120320K, 97% used [0x00000000c0000000,0x00000000c72e61b0,0x00000000c7580000)
 Metaspace       used 84252K, committed 85312K, reserved 1130496K
  class space    used 8235K, committed 8704K, reserved 1048576K
GC Heap History (20 events):
Event: 2535.178 GC heap after
{Heap after GC invocations=5527 (full 167):
 PSYoungGen      total 4096K, used 1664K [0x00000000eab00000, 0x00000000eb100000, 0x0000000100000000)
  eden space 2048K, 0% used [0x00000000eab00000,0x00000000eab00000,0x00000000ead00000)
  from space 2048K, 81% used [0x00000000eaf00000,0x00000000eb0a0000,0x00000000eb100000)
  to   space 2048K, 0% used [0x00000000ead00000,0x00000000ead00000,0x00000000eaf00000)
 ParOldGen       total 120320K, used 105310K [0x00000000c0000000, 0x00000000c7580000, 0x00000000eab00000)
  object space 120320K, 87% used [0x00000000c0000000,0x00000000c66d78f0,0x00000000c7580000)
 Metaspace       used 84251K, committed 85312K, reserved 1130496K
  class space    used 8235K, committed 8704K, reserved 1048576K
}
Event: 2535.183 GC heap before
{Heap before GC invocations=5528 (full 167):
 PSYoungGen      total 4096K, used 3590K [0x00000000eab00000, 0x00000000eb100000, 0x0000000100000000)
  eden space 2048K, 94% used [0x00000000eab00000,0x00000000eace1a28,0x00000000ead00000)
  from space 2048K, 81% used [0x00000000eaf00000,0x00000000eb0a0000,0x00000000eb100000)
  to   space 2048K, 0% used [0x00000000ead00000,0x00000000ead00000,0x00000000eaf00000)
 ParOldGen       total 120320K, used 105310K [0x00000000c0000000, 0x00000000c7580000, 0x00000000eab00000)
  object space 120320K, 87% used [0x00000000c0000000,0x00000000c66d78f0,0x00000000c7580000)
 Metaspace       used 84251K, committed 85312K, reserved 1130496K
  class space    used 8235K, committed 8704K, reserved 1048576K
}
Event: 2535.187 GC heap after
{Heap after GC invocations=5528 (full 167):
 PSYoungGen      total 4096K, used 1832K [0x00000000eab00000, 0x00000000eb180000, 0x0000000100000000)
  eden space 2048K, 0% used [0x00000000eab00000,0x00000000eab00000,0x00000000ead00000)
  from space 2048K, 89% used [0x00000000ead00000,0x00000000eaeca000,0x00000000eaf00000)
  to   space 2048K, 0% used [0x00000000eaf80000,0x00000000eaf80000,0x00000000eb180000)
 ParOldGen       total 120320K, used 106846K [0x00000000c0000000, 0x00000000c7580000, 0x00000000eab00000)
  object space 120320K, 88% used [0x00000000c0000000,0x00000000c68578f0,0x00000000c7580000)
 Metaspace       used 84251K, committed 85312K, reserved 1130496K
  class space    used 8235K, committed 8704K, reserved 1048576K
}
Event: 2535.213 GC heap before
{Heap before GC invocations=5529 (full 167):
 PSYoungGen      total 4096K, used 3786K [0x00000000eab00000, 0x00000000eb180000, 0x0000000100000000)
  eden space 2048K, 95% used [0x00000000eab00000,0x00000000eace8928,0x00000000ead00000)
  from space 2048K, 89% used [0x00000000ead00000,0x00000000eaeca000,0x00000000eaf00000)
  to   space 2048K, 0% used [0x00000000eaf80000,0x00000000eaf80000,0x00000000eb180000)
 ParOldGen       total 120320K, used 106846K [0x00000000c0000000, 0x00000000c7580000, 0x00000000eab00000)
  object space 120320K, 88% used [0x00000000c0000000,0x00000000c68578f0,0x00000000c7580000)
 Metaspace       used 84251K, committed 85312K, reserved 1130496K
  class space    used 8235K, committed 8704K, reserved 1048576K
}
Event: 2535.214 GC heap after
{Heap after GC invocations=5529 (full 167):
 PSYoungGen      total 4608K, used 1886K [0x00000000eab00000, 0x00000000eb180000, 0x0000000100000000)
  eden space 2560K, 0% used [0x00000000eab00000,0x00000000eab00000,0x00000000ead80000)
  from space 2048K, 92% used [0x00000000eaf80000,0x00000000eb1578f8,0x00000000eb180000)
  to   space 2048K, 0% used [0x00000000ead80000,0x00000000ead80000,0x00000000eaf80000)
 ParOldGen       total 120320K, used 108182K [0x00000000c0000000, 0x00000000c7580000, 0x00000000eab00000)
  object space 120320K, 89% used [0x00000000c0000000,0x00000000c69a58f0,0x00000000c7580000)
 Metaspace       used 84251K, committed 85312K, reserved 1130496K
  class space    used 8235K, committed 8704K, reserved 1048576K
}
Event: 2535.218 GC heap before
{Heap before GC invocations=5530 (full 167):
 PSYoungGen      total 4608K, used 4446K [0x00000000eab00000, 0x00000000eb180000, 0x0000000100000000)
  eden space 2560K, 100% used [0x00000000eab00000,0x00000000ead80000,0x00000000ead80000)
  from space 2048K, 92% used [0x00000000eaf80000,0x00000000eb1578f8,0x00000000eb180000)
  to   space 2048K, 0% used [0x00000000ead80000,0x00000000ead80000,0x00000000eaf80000)
 ParOldGen       total 120320K, used 108182K [0x00000000c0000000, 0x00000000c7580000, 0x00000000eab00000)
  object space 120320K, 89% used [0x00000000c0000000,0x00000000c69a58f0,0x00000000c7580000)
 Metaspace       used 84251K, committed 85312K, reserved 1130496K
  class space    used 8235K, committed 8704K, reserved 1048576K
}
Event: 2535.219 GC heap after
{Heap after GC invocations=5530 (full 167):
 PSYoungGen      total 4608K, used 2030K [0x00000000eab00000, 0x00000000eb800000, 0x0000000100000000)
  eden space 2560K, 0% used [0x00000000eab00000,0x00000000eab00000,0x00000000ead80000)
  from space 2048K, 99% used [0x00000000ead80000,0x00000000eaf7b8f8,0x00000000eaf80000)
  to   space 5120K, 0% used [0x00000000eb300000,0x00000000eb300000,0x00000000eb800000)
 ParOldGen       total 120320K, used 110476K [0x00000000c0000000, 0x00000000c7580000, 0x00000000eab00000)
  object space 120320K, 91% used [0x00000000c0000000,0x00000000c6be31e8,0x00000000c7580000)
 Metaspace       used 84251K, committed 85312K, reserved 1130496K
  class space    used 8235K, committed 8704K, reserved 1048576K
}
Event: 2535.345 GC heap before
{Heap before GC invocations=5531 (full 167):
 PSYoungGen      total 4608K, used 4590K [0x00000000eab00000, 0x00000000eb800000, 0x0000000100000000)
  eden space 2560K, 100% used [0x00000000eab00000,0x00000000ead80000,0x00000000ead80000)
  from space 2048K, 99% used [0x00000000ead80000,0x00000000eaf7b8f8,0x00000000eaf80000)
  to   space 5120K, 0% used [0x00000000eb300000,0x00000000eb300000,0x00000000eb800000)
 ParOldGen       total 120320K, used 110476K [0x00000000c0000000, 0x00000000c7580000, 0x00000000eab00000)
  object space 120320K, 91% used [0x00000000c0000000,0x00000000c6be31e8,0x00000000c7580000)
 Metaspace       used 84251K, committed 85312K, reserved 1130496K
  class space    used 8235K, committed 8704K, reserved 1048576K
}
Event: 2535.347 GC heap after
{Heap after GC invocations=5531 (full 167):
 PSYoungGen      total 5120K, used 1568K [0x00000000eab00000, 0x00000000eb500000, 0x0000000100000000)
  eden space 3072K, 0% used [0x00000000eab00000,0x00000000eab00000,0x00000000eae00000)
  from space 2048K, 76% used [0x00000000eb300000,0x00000000eb488010,0x00000000eb500000)
  to   space 3072K, 0% used [0x00000000eaf00000,0x00000000eaf00000,0x00000000eb200000)
 ParOldGen       total 120320K, used 112530K [0x00000000c0000000, 0x00000000c7580000, 0x00000000eab00000)
  object space 120320K, 93% used [0x00000000c0000000,0x00000000c6de4ae0,0x00000000c7580000)
 Metaspace       used 84251K, committed 85312K, reserved 1130496K
  class space    used 8235K, committed 8704K, reserved 1048576K
}
Event: 2535.820 GC heap before
{Heap before GC invocations=5532 (full 167):
 PSYoungGen      total 5120K, used 4640K [0x00000000eab00000, 0x00000000eb500000, 0x0000000100000000)
  eden space 3072K, 100% used [0x00000000eab00000,0x00000000eae00000,0x00000000eae00000)
  from space 2048K, 76% used [0x00000000eb300000,0x00000000eb488010,0x00000000eb500000)
  to   space 3072K, 0% used [0x00000000eaf00000,0x00000000eaf00000,0x00000000eb200000)
 ParOldGen       total 120320K, used 112530K [0x00000000c0000000, 0x00000000c7580000, 0x00000000eab00000)
  object space 120320K, 93% used [0x00000000c0000000,0x00000000c6de4ae0,0x00000000c7580000)
 Metaspace       used 84252K, committed 85312K, reserved 1130496K
  class space    used 8235K, committed 8704K, reserved 1048576K
}
Event: 2535.822 GC heap after
{Heap after GC invocations=5532 (full 167):
 PSYoungGen      total 6144K, used 976K [0x00000000eab00000, 0x00000000eb380000, 0x0000000100000000)
  eden space 3072K, 0% used [0x00000000eab00000,0x00000000eab00000,0x00000000eae00000)
  from space 3072K, 31% used [0x00000000eaf00000,0x00000000eaff4010,0x00000000eb200000)
  to   space 1536K, 0% used [0x00000000eb200000,0x00000000eb200000,0x00000000eb380000)
 ParOldGen       total 120320K, used 113928K [0x00000000c0000000, 0x00000000c7580000, 0x00000000eab00000)
  object space 120320K, 94% used [0x00000000c0000000,0x00000000c6f421e0,0x00000000c7580000)
 Metaspace       used 84252K, committed 85312K, reserved 1130496K
  class space    used 8235K, committed 8704K, reserved 1048576K
}
Event: 2535.827 GC heap before
{Heap before GC invocations=5533 (full 167):
 PSYoungGen      total 6144K, used 4048K [0x00000000eab00000, 0x00000000eb380000, 0x0000000100000000)
  eden space 3072K, 100% used [0x00000000eab00000,0x00000000eae00000,0x00000000eae00000)
  from space 3072K, 31% used [0x00000000eaf00000,0x00000000eaff4010,0x00000000eb200000)
  to   space 1536K, 0% used [0x00000000eb200000,0x00000000eb200000,0x00000000eb380000)
 ParOldGen       total 120320K, used 113928K [0x00000000c0000000, 0x00000000c7580000, 0x00000000eab00000)
  object space 120320K, 94% used [0x00000000c0000000,0x00000000c6f421e0,0x00000000c7580000)
 Metaspace       used 84252K, committed 85312K, reserved 1130496K
  class space    used 8235K, committed 8704K, reserved 1048576K
}
Event: 2535.828 GC heap after
{Heap after GC invocations=5533 (full 167):
 PSYoungGen      total 4096K, used 720K [0x00000000eab00000, 0x00000000eb300000, 0x0000000100000000)
  eden space 3072K, 0% used [0x00000000eab00000,0x00000000eab00000,0x00000000eae00000)
  from space 1024K, 70% used [0x00000000eb200000,0x00000000eb2b4010,0x00000000eb300000)
  to   space 1024K, 0% used [0x00000000eb100000,0x00000000eb100000,0x00000000eb200000)
 ParOldGen       total 120320K, used 114801K [0x00000000c0000000, 0x00000000c7580000, 0x00000000eab00000)
  object space 120320K, 95% used [0x00000000c0000000,0x00000000c701c5b8,0x00000000c7580000)
 Metaspace       used 84252K, committed 85312K, reserved 1130496K
  class space    used 8235K, committed 8704K, reserved 1048576K
}
Event: 2535.833 GC heap before
{Heap before GC invocations=5534 (full 167):
 PSYoungGen      total 4096K, used 3792K [0x00000000eab00000, 0x00000000eb300000, 0x0000000100000000)
  eden space 3072K, 100% used [0x00000000eab00000,0x00000000eae00000,0x00000000eae00000)
  from space 1024K, 70% used [0x00000000eb200000,0x00000000eb2b4010,0x00000000eb300000)
  to   space 1024K, 0% used [0x00000000eb100000,0x00000000eb100000,0x00000000eb200000)
 ParOldGen       total 120320K, used 114801K [0x00000000c0000000, 0x00000000c7580000, 0x00000000eab00000)
  object space 120320K, 95% used [0x00000000c0000000,0x00000000c701c5b8,0x00000000c7580000)
 Metaspace       used 84252K, committed 85312K, reserved 1130496K
  class space    used 8235K, committed 8704K, reserved 1048576K
}
Event: 2535.833 GC heap after
{Heap after GC invocations=5534 (full 167):
 PSYoungGen      total 4096K, used 1011K [0x00000000eab00000, 0x00000000eb280000, 0x0000000100000000)
  eden space 3072K, 0% used [0x00000000eab00000,0x00000000eab00000,0x00000000eae00000)
  from space 1024K, 98% used [0x00000000eb100000,0x00000000eb1fcef0,0x00000000eb200000)
  to   space 512K, 0% used [0x00000000eb200000,0x00000000eb200000,0x00000000eb280000)
 ParOldGen       total 120320K, used 115365K [0x00000000c0000000, 0x00000000c7580000, 0x00000000eab00000)
  object space 120320K, 95% used [0x00000000c0000000,0x00000000c70a9488,0x00000000c7580000)
 Metaspace       used 84252K, committed 85312K, reserved 1130496K
  class space    used 8235K, committed 8704K, reserved 1048576K
}
Event: 2535.840 GC heap before
{Heap before GC invocations=5535 (full 167):
 PSYoungGen      total 4096K, used 4083K [0x00000000eab00000, 0x00000000eb280000, 0x0000000100000000)
  eden space 3072K, 100% used [0x00000000eab00000,0x00000000eae00000,0x00000000eae00000)
  from space 1024K, 98% used [0x00000000eb100000,0x00000000eb1fcef0,0x00000000eb200000)
  to   space 512K, 0% used [0x00000000eb200000,0x00000000eb200000,0x00000000eb280000)
 ParOldGen       total 120320K, used 115365K [0x00000000c0000000, 0x00000000c7580000, 0x00000000eab00000)
  object space 120320K, 95% used [0x00000000c0000000,0x00000000c70a9488,0x00000000c7580000)
 Metaspace       used 84252K, committed 85312K, reserved 1130496K
  class space    used 8235K, committed 8704K, reserved 1048576K
}
Event: 2535.840 GC heap after
{Heap after GC invocations=5535 (full 167):
 PSYoungGen      total 3584K, used 512K [0x00000000eab00000, 0x00000000eb280000, 0x0000000100000000)
  eden space 3072K, 0% used [0x00000000eab00000,0x00000000eab00000,0x00000000eae00000)
  from space 512K, 100% used [0x00000000eb200000,0x00000000eb280000,0x00000000eb280000)
  to   space 2048K, 0% used [0x00000000eae80000,0x00000000eae80000,0x00000000eb080000)
 ParOldGen       total 120320K, used 116730K [0x00000000c0000000, 0x00000000c7580000, 0x00000000eab00000)
  object space 120320K, 97% used [0x00000000c0000000,0x00000000c71febd8,0x00000000c7580000)
 Metaspace       used 84252K, committed 85312K, reserved 1130496K
  class space    used 8235K, committed 8704K, reserved 1048576K
}
Event: 2535.846 GC heap before
{Heap before GC invocations=5536 (full 167):
 PSYoungGen      total 3584K, used 3584K [0x00000000eab00000, 0x00000000eb280000, 0x0000000100000000)
  eden space 3072K, 100% used [0x00000000eab00000,0x00000000eae00000,0x00000000eae00000)
  from space 512K, 100% used [0x00000000eb200000,0x00000000eb280000,0x00000000eb280000)
  to   space 2048K, 0% used [0x00000000eae80000,0x00000000eae80000,0x00000000eb080000)
 ParOldGen       total 120320K, used 116730K [0x00000000c0000000, 0x00000000c7580000, 0x00000000eab00000)
  object space 120320K, 97% used [0x00000000c0000000,0x00000000c71febd8,0x00000000c7580000)
 Metaspace       used 84252K, committed 85312K, reserved 1130496K
  class space    used 8235K, committed 8704K, reserved 1048576K
}
Event: 2535.847 GC heap after
{Heap after GC invocations=5536 (full 167):
 PSYoungGen      total 5120K, used 464K [0x00000000eab00000, 0x00000000eb280000, 0x0000000100000000)
  eden space 3072K, 0% used [0x00000000eab00000,0x00000000eab00000,0x00000000eae00000)
  from space 2048K, 22% used [0x00000000eae80000,0x00000000eaef4010,0x00000000eb080000)
  to   space 1024K, 0% used [0x00000000eb180000,0x00000000eb180000,0x00000000eb280000)
 ParOldGen       total 120320K, used 117255K [0x00000000c0000000, 0x00000000c7580000, 0x00000000eab00000)
  object space 120320K, 97% used [0x00000000c0000000,0x00000000c7281cd8,0x00000000c7580000)
 Metaspace       used 84252K, committed 85312K, reserved 1130496K
  class space    used 8235K, committed 8704K, reserved 1048576K
}
Event: 2536.109 GC heap before
{Heap before GC invocations=5537 (full 167):
 PSYoungGen      total 5120K, used 3536K [0x00000000eab00000, 0x00000000eb280000, 0x0000000100000000)
  eden space 3072K, 100% used [0x00000000eab00000,0x00000000eae00000,0x00000000eae00000)
  from space 2048K, 22% used [0x00000000eae80000,0x00000000eaef4010,0x00000000eb080000)
  to   space 1024K, 0% used [0x00000000eb180000,0x00000000eb180000,0x00000000eb280000)
 ParOldGen       total 120320K, used 117255K [0x00000000c0000000, 0x00000000c7580000, 0x00000000eab00000)
  object space 120320K, 97% used [0x00000000c0000000,0x00000000c7281cd8,0x00000000c7580000)
 Metaspace       used 84252K, committed 85312K, reserved 1130496K
  class space    used 8235K, committed 8704K, reserved 1048576K
}

